Git Is installed, version: 2.20.1
Npm Is installed, version: 6.14.14
Node Is installed, version: v14.17.5
CDK Is installed, version: 1.119.0
./test.sh: line 43: conditional binary operator expected
./test.sh: line 43: syntax error near `-v'
./test.sh: line 43: `if [[ ! command -v kubectl ]] ;  '
none is installed. You must install peer dependencies yourself.
npm WARN task1@0.1.0 No repository field.
npm WARN task1@0.1.0 No license field.

+ cdk8s@0.33.0
+ cdk8s-plus@0.33.0
+ constructs@3.3.133
+ @aws-cdk/aws-eks@1.119.0
updated 17 packages and audited 796 packages in 21.12s

34 packages are looking for funding
  run `npm fund` for details

found 0 vulnerabilities

Npm Dependecies Is installed, version: v14.17.5
npm WARN @aws-cdk/assert@1.115.0 requires a peer of @aws-cdk/core@1.115.0 but none is installed. You must install peer dependencies yourself.
npm WARN task1@0.1.0 No repository field.
npm WARN task1@0.1.0 No license field.

audited 796 packages in 3.546s

34 packages are looking for funding
  run `npm fund` for details

found 0 vulnerabilities

Npm Dependecies Is installed, version: v14.17.5
Building the project...

> task1@0.1.0 build /Users/iyerb/Documents/Bala/Kubernetes/awsjam/task1
> tsc

Project build sucessful
All Installation sucessful
